<?xml version="1.0" encoding="UTF-8"?>
<!-- Generated by org.testng.reporters.JUnitXMLReporter -->
<testsuite hostname="94ZQ7BS" name="Windows+firefox Test" tests="1" failures="1" timestamp="23 Apr 2018 05:20:23 GMT" time="14.829" errors="0">
  <testcase name="@AfterTest afterTest" time="0.0" classname="com.cucumber.framework.runner.cardekhoHomePage.CDHomePageRunner">
    <failure type="java.lang.NullPointerException">
      <![CDATA[java.lang.NullPointerException
	at com.cucumber.framework.utility.ActionAfterClass.actionAfterTest(ActionAfterClass.java:20)
	at com.cucumber.framework.runner.cardekhoHomePage.CDHomePageRunner.afterTest(CDHomePageRunner.java:54)
... Removed 22 stack frames]]>
    </failure>
  </testcase> <!-- @AfterTest afterTest -->
  <testcase name="runCukes" time="14.792" classname="com.cucumber.framework.runner.cardekhoHomePage.CDHomePageRunner">
    <failure type="cucumber.runtime.CucumberException" message="java.lang.NullPointerException">
      <![CDATA[cucumber.runtime.CucumberException: java.lang.NullPointerException
	at cucumber.api.testng.TestNGCucumberRunner.runCukes(TestNGCucumberRunner.java:57)
	at com.cucumber.framework.runner.cardekhoHomePage.CDHomePageRunner.runCukes(CDHomePageRunner.java:62)
Caused by: java.lang.NullPointerException
	at com.cucumber.framework.utility.ActionBeforeClass.beforeTestAction(ActionBeforeClass.java:19)
	at com.cucumber.framework.Helper.TestBase.TestBase.before(TestBase.java:64)
	at cucumber.runtime.Utils$1.call(Utils.java:40)
	at cucumber.runtime.Timeout.timeout(Timeout.java:16)
	at cucumber.runtime.Utils.invoke(Utils.java:34)
	at cucumber.runtime.java.JavaHookDefinition.execute(JavaHookDefinition.java:60)
	at cucumber.runtime.Runtime.runHookIfTagsMatch(Runtime.java:224)
	at cucumber.runtime.Runtime.runHooks(Runtime.java:212)
	at cucumber.runtime.Runtime.runBeforeHooks(Runtime.java:202)
	at cucumber.runtime.model.CucumberScenario.run(CucumberScenario.java:40)
	at cucumber.runtime.model.CucumberFeature.run(CucumberFeature.java:165)
	at cucumber.api.testng.TestNGCucumberRunner.runCukes(TestNGCucumberRunner.java:50)
	... 25 more
... Removed 28 stack frames]]>
    </failure>
  </testcase> <!-- runCukes -->
</testsuite> <!-- Windows+firefox Test -->
